<?xml version="1.0" encoding="UTF-8"?>
<testng-results skipped="0" failed="0" total="1" passed="1">
  <reporter-output>
  </reporter-output>
  <suite name="Default suite" duration-ms="57371" started-at="2017-03-13T04:15:06Z" finished-at="2017-03-13T04:16:03Z">
    <groups>
    </groups>
    <test name="Default test" duration-ms="57371" started-at="2017-03-13T04:15:06Z" finished-at="2017-03-13T04:16:03Z">
      <class name="googleTest.GoogleTest">
        <test-method status="PASS" signature="sampletest()[pri:0, instance:googleTest.GoogleTest@2f9a13d9]" name="sampletest" duration-ms="57339" started-at="2017-03-13T09:45:06Z" finished-at="2017-03-13T09:46:03Z">
          <reporter-output>
          </reporter-output>
        </test-method> <!-- sampletest -->
      </class> <!-- googleTest.GoogleTest -->
    </test> <!-- Default test -->
  </suite> <!-- Default suite -->
</testng-results>
